<?xml version="1.0" encoding="UTF-8"?>
<!-- Generated by org.testng.reporters.JUnitXMLReporter -->
<testsuite hostname="Gustavos-MacBook-Pro.local" ignored="0" name="Command line test" tests="6" failures="0" timestamp="27 Nov 2019 20:05:36 GMT" time="0.182" errors="0">
  <testcase name="@BeforeTest setBaseURL" time="0.159" classname="com.mycompany.test.SeleniumTestNGTest">
    <failure type="org.openqa.selenium.WebDriverException" message="Cannot find firefox binary in PATH. Make sure firefox is installed. OS appears to be: MAC
Build info: version: &amp;apos;3.141.59&amp;apos;, revision: &amp;apos;e82be7d358&amp;apos;, time: &amp;apos;2018-11-14T08:17:03&amp;apos;
System info: host: &amp;apos;Gustavos-MacBook-Pro.local&amp;apos;, ip: &amp;apos;10.100.0.33&amp;apos;, os.name: &amp;apos;Mac OS X&amp;apos;, os.arch: &amp;apos;x86_64&amp;apos;, os.version: &amp;apos;10.14.6&amp;apos;, java.version: &amp;apos;1.8.0_121&amp;apos;
Driver info: driver.version: FirefoxDriver">
      <![CDATA[org.openqa.selenium.WebDriverException: Cannot find firefox binary in PATH. Make sure firefox is installed. OS appears to be: MAC
Build info: version: '3.141.59', revision: 'e82be7d358', time: '2018-11-14T08:17:03'
System info: host: 'Gustavos-MacBook-Pro.local', ip: '10.100.0.33', os.name: 'Mac OS X', os.arch: 'x86_64', os.version: '10.14.6', java.version: '1.8.0_121'
Driver info: driver.version: FirefoxDriver
at org.openqa.selenium.firefox.FirefoxBinary.<init>(FirefoxBinary.java:100)
at java.util.Optional.orElseGet(Optional.java:267)
at org.openqa.selenium.firefox.FirefoxOptions.getBinary(FirefoxOptions.java:216)
at org.openqa.selenium.firefox.FirefoxDriver.toExecutor(FirefoxDriver.java:187)
at org.openqa.selenium.firefox.FirefoxDriver.<init>(FirefoxDriver.java:147)
at org.openqa.selenium.firefox.FirefoxDriver.<init>(FirefoxDriver.java:125)
at com.mycompany.test.SeleniumTestNGTest.setBaseURL(SeleniumTestNGTest.java:20)
... Removed 34 stack frames]]>
    </failure>
  </testcase> <!-- @BeforeTest setBaseURL -->
  <testcase name="@AfterTest endSession" time="0.0" classname="com.mycompany.test.SeleniumTestNGTest">
    <skipped/>
  </testcase> <!-- @AfterTest endSession -->
  <testcase name="emptyStringReturnZero" time="0.0" classname="com.mycompany.test.TestCalculator">
    <skipped/>
  </testcase> <!-- emptyStringReturnZero -->
  <testcase name="negativeNumberThrowException" time="0.0" classname="com.mycompany.test.TestCalculator">
    <skipped/>
  </testcase> <!-- negativeNumberThrowException -->
  <testcase name="numbersGreaterThan100AreIgnored" time="0.0" classname="com.mycompany.test.TestCalculator">
    <skipped/>
  </testcase> <!-- numbersGreaterThan100AreIgnored -->
  <testcase name="threeNumsCommaDelimitedReturnSum" time="0.0" classname="com.mycompany.test.TestCalculator">
    <skipped/>
  </testcase> <!-- threeNumsCommaDelimitedReturnSum -->
  <testcase name="twoNumsCommaDelimitedReturnSum" time="0.0" classname="com.mycompany.test.TestCalculator">
    <skipped/>
  </testcase> <!-- twoNumsCommaDelimitedReturnSum -->
  <testcase name="verifyHomePage" time="0.0" classname="com.mycompany.test.SeleniumTestNGTest">
    <skipped/>
  </testcase> <!-- verifyHomePage -->
</testsuite> <!-- Command line test -->
